1516339197969	geckodriver	INFO	geckodriver 0.19.1
1516339197974	geckodriver	INFO	Listening on 127.0.0.1:58991
1516339199270	mozrunner::runner	INFO	Running command: "/Applications/Firefox.app/Contents/MacOS/firefox-bin" "-marionette" "-profile" "/var/folders/bd/0mzgj8xs0fnb2zdxjhl69p2w0000gn/T/rust_mozprofile.GdebA68GFCaB"
1516339199936	Marionette	INFO	Enabled via --marionette
2018-01-18 22:20:00.685 plugin-container[8794:44726565] *** CFMessagePort: bootstrap_register(): failed 1100 (0x44c) 'Permission denied', port = 0xb233, name = 'com.apple.tsm.portname'
See /usr/include/servers/bootstrap_defs.h for the error codes.
1516339201075	Marionette	INFO	Listening on port 59020
1516339201163	Marionette	WARN	TLS certificate errors will be ignored for this session
1516339201210	Marionette	DEBUG	Register listener.js for window 2147483649
1516339201378	Marionette	DEBUG	Received DOM event "beforeunload" for "about:blank"
1516339202506	Marionette	DEBUG	Received DOM event "pagehide" for "about:blank"
1516339202506	Marionette	DEBUG	Received DOM event "unload" for "about:blank"
1516339204791	Marionette	DEBUG	Received DOM event "DOMContentLoaded" for "https://www.python.org/events/python-events/"
1516339205513	Marionette	DEBUG	Received DOM event "pageshow" for "https://www.python.org/events/python-events/"
1516339268317	geckodriver	INFO	geckodriver 0.19.1
1516339268321	geckodriver	INFO	Listening on 127.0.0.1:59851
1516339269490	mozrunner::runner	INFO	Running command: "/Applications/Firefox.app/Contents/MacOS/firefox-bin" "-marionette" "-profile" "/var/folders/bd/0mzgj8xs0fnb2zdxjhl69p2w0000gn/T/rust_mozprofile.SYeTcHPu4Mvj"
1516339269933	Marionette	INFO	Enabled via --marionette
2018-01-18 22:21:10.638 plugin-container[8886:44732700] *** CFMessagePort: bootstrap_register(): failed 1100 (0x44c) 'Permission denied', port = 0xb037, name = 'com.apple.tsm.portname'
See /usr/include/servers/bootstrap_defs.h for the error codes.
1516339270963	Marionette	INFO	Listening on port 59870
1516339271244	Marionette	WARN	TLS certificate errors will be ignored for this session
1516339271296	Marionette	DEBUG	Register listener.js for window 2147483649
1516339271318	Marionette	DEBUG	Received DOM event "beforeunload" for "about:blank"
1516339274994	Marionette	DEBUG	Received DOM event "pagehide" for "about:blank"
1516339274995	Marionette	DEBUG	Received DOM event "unload" for "about:blank"
1516339279302	Marionette	DEBUG	Received DOM event "DOMContentLoaded" for "https://www.python.org/events/python-events/"
1516339279309	Marionette	DEBUG	Received DOM event "pageshow" for "https://www.python.org/events/python-events/"
1516339866249	geckodriver	INFO	geckodriver 0.19.1
1516339866254	geckodriver	INFO	Listening on 127.0.0.1:50141
1516339867441	mozrunner::runner	INFO	Running command: "/Applications/Firefox.app/Contents/MacOS/firefox-bin" "-marionette" "-profile" "/var/folders/bd/0mzgj8xs0fnb2zdxjhl69p2w0000gn/T/rust_mozprofile.TgypvSoQBBy0"
1516339867879	Marionette	INFO	Enabled via --marionette
2018-01-18 22:31:08.626 plugin-container[9516:44794177] *** CFMessagePort: bootstrap_register(): failed 1100 (0x44c) 'Permission denied', port = 0xb237, name = 'com.apple.tsm.portname'
See /usr/include/servers/bootstrap_defs.h for the error codes.
1516339868957	Marionette	INFO	Listening on port 50165
1516339869033	Marionette	WARN	TLS certificate errors will be ignored for this session
1516339869090	Marionette	DEBUG	Register listener.js for window 2147483649
1516339869271	Marionette	DEBUG	Received DOM event "beforeunload" for "about:blank"
1516339871597	Marionette	DEBUG	Received DOM event "pagehide" for "about:blank"
1516339871597	Marionette	DEBUG	Received DOM event "unload" for "about:blank"
1516339876297	Marionette	DEBUG	Received DOM event "DOMContentLoaded" for "https://www.python.org/events/python-events/"
1516339876306	Marionette	DEBUG	Received DOM event "pageshow" for "https://www.python.org/events/python-events/"
1516340533838	geckodriver	INFO	geckodriver 0.19.1
1516340533843	geckodriver	INFO	Listening on 127.0.0.1:58124
1516340535038	mozrunner::runner	INFO	Running command: "/Applications/Firefox.app/Contents/MacOS/firefox-bin" "-marionette" "-profile" "/var/folders/bd/0mzgj8xs0fnb2zdxjhl69p2w0000gn/T/rust_mozprofile.Bv78y4Gpjcn6"
1516340535439	Marionette	INFO	Enabled via --marionette
2018-01-18 22:42:16.192 plugin-container[10263:44855657] *** CFMessagePort: bootstrap_register(): failed 1100 (0x44c) 'Permission denied', port = 0xb137, name = 'com.apple.tsm.portname'
See /usr/include/servers/bootstrap_defs.h for the error codes.
1516340536551	Marionette	INFO	Listening on port 58141
1516340536614	Marionette	WARN	TLS certificate errors will be ignored for this session
1516340536661	Marionette	DEBUG	Register listener.js for window 2147483649
1516340536851	Marionette	DEBUG	Received DOM event "beforeunload" for "about:blank"
1516340539742	Marionette	DEBUG	Received DOM event "pagehide" for "about:blank"
1516340539742	Marionette	DEBUG	Received DOM event "unload" for "about:blank"
1516340544231	Marionette	DEBUG	Received DOM event "DOMContentLoaded" for "https://www.python.org/events/python-events/"
1516340547892	Marionette	DEBUG	Received DOM event "pageshow" for "https://www.python.org/events/python-events/"
